Copyright 1986-2022 Xilinx, Inc. All Rights Reserved.
------------------------------------------------------------------------------------------------------------------------------------------------------------------------------------------------------------------
| Tool Version : Vivado v.2022.2 (win64) Build 3671981 Fri Oct 14 05:00:03 MDT 2022
| Date         : Fri Apr 21 22:08:04 2023
| Host         : DESKTOP-SBNTCGB running 64-bit major release  (build 9200)
| Command      : report_timing_summary -max_paths 10 -report_unconstrained -file funcion_timing_summary_routed.rpt -pb funcion_timing_summary_routed.pb -rpx funcion_timing_summary_routed.rpx -warn_on_violation
| Design       : funcion
| Device       : 7a35t-cpg236
| Speed File   : -1  PRODUCTION 1.23 2018-06-13
------------------------------------------------------------------------------------------------------------------------------------------------------------------------------------------------------------------

Timing Summary Report

------------------------------------------------------------------------------------------------
| Timer Settings
| --------------
------------------------------------------------------------------------------------------------

  Enable Multi Corner Analysis               :  Yes
  Enable Pessimism Removal                   :  Yes
  Pessimism Removal Resolution               :  Nearest Common Node
  Enable Input Delay Default Clock           :  No
  Enable Preset / Clear Arcs                 :  No
  Disable Flight Delays                      :  No
  Ignore I/O Paths                           :  No
  Timing Early Launch at Borrowing Latches   :  No
  Borrow Time for Max Delay Exceptions       :  Yes
  Merge Timing Exceptions                    :  Yes

  Corner  Analyze    Analyze    
  Name    Max Paths  Min Paths  
  ------  ---------  ---------  
  Slow    Yes        Yes        
  Fast    Yes        Yes        


------------------------------------------------------------------------------------------------
| Report Methodology
| ------------------
------------------------------------------------------------------------------------------------

No report available as report_methodology has not been run prior. Run report_methodology on the current design for the summary of methodology violations.



check_timing report

Table of Contents
-----------------
1. checking no_clock (0)
2. checking constant_clock (0)
3. checking pulse_width_clock (0)
4. checking unconstrained_internal_endpoints (0)
5. checking no_input_delay (0)
6. checking no_output_delay (0)
7. checking multiple_clock (0)
8. checking generated_clocks (0)
9. checking loops (0)
10. checking partial_input_delay (0)
11. checking partial_output_delay (0)
12. checking latch_loops (0)

1. checking no_clock (0)
------------------------
 There are 0 register/latch pins with no clock.


2. checking constant_clock (0)
------------------------------
 There are 0 register/latch pins with constant_clock.


3. checking pulse_width_clock (0)
---------------------------------
 There are 0 register/latch pins which need pulse_width check


4. checking unconstrained_internal_endpoints (0)
------------------------------------------------
 There are 0 pins that are not constrained for maximum delay.

 There are 0 pins that are not constrained for maximum delay due to constant clock.


5. checking no_input_delay (0)
------------------------------
 There are 0 input ports with no input delay specified.

 There are 0 input ports with no input delay but user has a false path constraint.


6. checking no_output_delay (0)
-------------------------------
 There are 0 ports with no output delay specified.

 There are 0 ports with no output delay but user has a false path constraint

 There are 0 ports with no output delay but with a timing clock defined on it or propagating through it


7. checking multiple_clock (0)
------------------------------
 There are 0 register/latch pins with multiple clocks.


8. checking generated_clocks (0)
--------------------------------
 There are 0 generated clocks that are not connected to a clock source.


9. checking loops (0)
---------------------
 There are 0 combinational loops in the design.


10. checking partial_input_delay (0)
------------------------------------
 There are 0 input ports with partial input delay specified.


11. checking partial_output_delay (0)
-------------------------------------
 There are 0 ports with partial output delay specified.


12. checking latch_loops (0)
----------------------------
 There are 0 combinational latch loops in the design through latch input



------------------------------------------------------------------------------------------------
| Design Timing Summary
| ---------------------
------------------------------------------------------------------------------------------------

    WNS(ns)      TNS(ns)  TNS Failing Endpoints  TNS Total Endpoints      WHS(ns)      THS(ns)  THS Failing Endpoints  THS Total Endpoints     WPWS(ns)     TPWS(ns)  TPWS Failing Endpoints  TPWS Total Endpoints  
    -------      -------  ---------------------  -------------------      -------      -------  ---------------------  -------------------     --------     --------  ----------------------  --------------------  
        inf        0.000                      0                    3          inf        0.000                      0                    3           NA           NA                      NA                    NA  


There are no user specified timing constraints.


------------------------------------------------------------------------------------------------
| Clock Summary
| -------------
------------------------------------------------------------------------------------------------


------------------------------------------------------------------------------------------------
| Intra Clock Table
| -----------------
------------------------------------------------------------------------------------------------

Clock             WNS(ns)      TNS(ns)  TNS Failing Endpoints  TNS Total Endpoints      WHS(ns)      THS(ns)  THS Failing Endpoints  THS Total Endpoints     WPWS(ns)     TPWS(ns)  TPWS Failing Endpoints  TPWS Total Endpoints  
-----             -------      -------  ---------------------  -------------------      -------      -------  ---------------------  -------------------     --------     --------  ----------------------  --------------------  


------------------------------------------------------------------------------------------------
| Inter Clock Table
| -----------------
------------------------------------------------------------------------------------------------

From Clock    To Clock          WNS(ns)      TNS(ns)  TNS Failing Endpoints  TNS Total Endpoints      WHS(ns)      THS(ns)  THS Failing Endpoints  THS Total Endpoints  
----------    --------          -------      -------  ---------------------  -------------------      -------      -------  ---------------------  -------------------  


------------------------------------------------------------------------------------------------
| Other Path Groups Table
| -----------------------
------------------------------------------------------------------------------------------------

Path Group    From Clock    To Clock          WNS(ns)      TNS(ns)  TNS Failing Endpoints  TNS Total Endpoints      WHS(ns)      THS(ns)  THS Failing Endpoints  THS Total Endpoints  
----------    ----------    --------          -------      -------  ---------------------  -------------------      -------      -------  ---------------------  -------------------  


------------------------------------------------------------------------------------------------
| User Ignored Path Table
| -----------------------
------------------------------------------------------------------------------------------------

Path Group    From Clock    To Clock    
----------    ----------    --------    


------------------------------------------------------------------------------------------------
| Unconstrained Path Table
| ------------------------
------------------------------------------------------------------------------------------------

Path Group    From Clock    To Clock    
----------    ----------    --------    
(none)                                    


------------------------------------------------------------------------------------------------
| Timing Details
| --------------
------------------------------------------------------------------------------------------------


--------------------------------------------------------------------------------------
Path Group:  (none)
From Clock:  
  To Clock:  

Max Delay             3 Endpoints
Min Delay             3 Endpoints
--------------------------------------------------------------------------------------


Max Delay Paths
--------------------------------------------------------------------------------------
Slack:                    inf
  Source:                 abc[1]
                            (input port)
  Destination:            xyz[1]
                            (output port)
  Path Group:             (none)
  Path Type:              Max at Slow Process Corner
  Data Path Delay:        9.106ns  (logic 5.115ns (56.173%)  route 3.991ns (43.827%))
  Logic Levels:           3  (IBUF=1 LUT3=1 OBUF=1)

    Location             Delay type                Incr(ns)  Path(ns)    Netlist Resource(s)
  -------------------------------------------------------------------    -------------------
    V16                                               0.000     0.000 f  abc[1] (IN)
                         net (fo=0)                   0.000     0.000    abc[1]
    V16                  IBUF (Prop_ibuf_I_O)         1.461     1.461 f  abc_IBUF[1]_inst/O
                         net (fo=2, routed)           1.211     2.672    abc_IBUF[1]
    SLICE_X0Y11          LUT3 (Prop_lut3_I0_O)        0.124     2.796 r  xyz_OBUF[2]_inst_i_1/O
                         net (fo=2, routed)           2.780     5.576    xyz_OBUF[1]
    E19                  OBUF (Prop_obuf_I_O)         3.530     9.106 r  xyz_OBUF[1]_inst/O
                         net (fo=0)                   0.000     9.106    xyz[1]
    E19                                                               r  xyz[1] (OUT)
  -------------------------------------------------------------------    -------------------

Slack:                    inf
  Source:                 abc[1]
                            (input port)
  Destination:            xyz[0]
                            (output port)
  Path Group:             (none)
  Path Type:              Max at Slow Process Corner
  Data Path Delay:        8.446ns  (logic 5.318ns (62.965%)  route 3.128ns (37.035%))
  Logic Levels:           3  (IBUF=1 LUT3=1 OBUF=1)

    Location             Delay type                Incr(ns)  Path(ns)    Netlist Resource(s)
  -------------------------------------------------------------------    -------------------
    V16                                               0.000     0.000 f  abc[1] (IN)
                         net (fo=0)                   0.000     0.000    abc[1]
    V16                  IBUF (Prop_ibuf_I_O)         1.461     1.461 f  abc_IBUF[1]_inst/O
                         net (fo=2, routed)           1.211     2.672    abc_IBUF[1]
    SLICE_X0Y11          LUT3 (Prop_lut3_I0_O)        0.150     2.822 r  xyz_OBUF[0]_inst_i_1/O
                         net (fo=1, routed)           1.917     4.739    xyz_OBUF[0]
    U16                  OBUF (Prop_obuf_I_O)         3.707     8.446 r  xyz_OBUF[0]_inst/O
                         net (fo=0)                   0.000     8.446    xyz[0]
    U16                                                               r  xyz[0] (OUT)
  -------------------------------------------------------------------    -------------------

Slack:                    inf
  Source:                 abc[1]
                            (input port)
  Destination:            xyz[2]
                            (output port)
  Path Group:             (none)
  Path Type:              Max at Slow Process Corner
  Data Path Delay:        8.221ns  (logic 5.086ns (61.872%)  route 3.134ns (38.128%))
  Logic Levels:           3  (IBUF=1 LUT3=1 OBUF=1)

    Location             Delay type                Incr(ns)  Path(ns)    Netlist Resource(s)
  -------------------------------------------------------------------    -------------------
    V16                                               0.000     0.000 f  abc[1] (IN)
                         net (fo=0)                   0.000     0.000    abc[1]
    V16                  IBUF (Prop_ibuf_I_O)         1.461     1.461 f  abc_IBUF[1]_inst/O
                         net (fo=2, routed)           1.211     2.672    abc_IBUF[1]
    SLICE_X0Y11          LUT3 (Prop_lut3_I0_O)        0.124     2.796 r  xyz_OBUF[2]_inst_i_1/O
                         net (fo=2, routed)           1.923     4.720    xyz_OBUF[1]
    U19                  OBUF (Prop_obuf_I_O)         3.501     8.221 r  xyz_OBUF[2]_inst/O
                         net (fo=0)                   0.000     8.221    xyz[2]
    U19                                                               r  xyz[2] (OUT)
  -------------------------------------------------------------------    -------------------





Min Delay Paths
--------------------------------------------------------------------------------------
Slack:                    inf
  Source:                 abc[2]
                            (input port)
  Destination:            xyz[2]
                            (output port)
  Path Group:             (none)
  Path Type:              Min at Fast Process Corner
  Data Path Delay:        2.258ns  (logic 1.468ns (65.013%)  route 0.790ns (34.987%))
  Logic Levels:           3  (IBUF=1 LUT3=1 OBUF=1)

    Location             Delay type                Incr(ns)  Path(ns)    Netlist Resource(s)
  -------------------------------------------------------------------    -------------------
    V17                                               0.000     0.000 r  abc[2] (IN)
                         net (fo=0)                   0.000     0.000    abc[2]
    V17                  IBUF (Prop_ibuf_I_O)         0.221     0.221 r  abc_IBUF[2]_inst/O
                         net (fo=2, routed)           0.335     0.556    abc_IBUF[2]
    SLICE_X0Y11          LUT3 (Prop_lut3_I1_O)        0.045     0.601 r  xyz_OBUF[2]_inst_i_1/O
                         net (fo=2, routed)           0.455     1.056    xyz_OBUF[1]
    U19                  OBUF (Prop_obuf_I_O)         1.202     2.258 r  xyz_OBUF[2]_inst/O
                         net (fo=0)                   0.000     2.258    xyz[2]
    U19                                                               r  xyz[2] (OUT)
  -------------------------------------------------------------------    -------------------

Slack:                    inf
  Source:                 abc[2]
                            (input port)
  Destination:            xyz[0]
                            (output port)
  Path Group:             (none)
  Path Type:              Min at Fast Process Corner
  Data Path Delay:        2.313ns  (logic 1.537ns (66.431%)  route 0.777ns (33.569%))
  Logic Levels:           3  (IBUF=1 LUT3=1 OBUF=1)

    Location             Delay type                Incr(ns)  Path(ns)    Netlist Resource(s)
  -------------------------------------------------------------------    -------------------
    V17                                               0.000     0.000 r  abc[2] (IN)
                         net (fo=0)                   0.000     0.000    abc[2]
    V17                  IBUF (Prop_ibuf_I_O)         0.221     0.221 r  abc_IBUF[2]_inst/O
                         net (fo=2, routed)           0.335     0.556    abc_IBUF[2]
    SLICE_X0Y11          LUT3 (Prop_lut3_I2_O)        0.048     0.604 r  xyz_OBUF[0]_inst_i_1/O
                         net (fo=1, routed)           0.442     1.046    xyz_OBUF[0]
    U16                  OBUF (Prop_obuf_I_O)         1.268     2.313 r  xyz_OBUF[0]_inst/O
                         net (fo=0)                   0.000     2.313    xyz[0]
    U16                                                               r  xyz[0] (OUT)
  -------------------------------------------------------------------    -------------------

Slack:                    inf
  Source:                 abc[2]
                            (input port)
  Destination:            xyz[1]
                            (output port)
  Path Group:             (none)
  Path Type:              Min at Fast Process Corner
  Data Path Delay:        2.614ns  (logic 1.497ns (57.252%)  route 1.117ns (42.748%))
  Logic Levels:           3  (IBUF=1 LUT3=1 OBUF=1)

    Location             Delay type                Incr(ns)  Path(ns)    Netlist Resource(s)
  -------------------------------------------------------------------    -------------------
    V17                                               0.000     0.000 r  abc[2] (IN)
                         net (fo=0)                   0.000     0.000    abc[2]
    V17                  IBUF (Prop_ibuf_I_O)         0.221     0.221 r  abc_IBUF[2]_inst/O
                         net (fo=2, routed)           0.335     0.556    abc_IBUF[2]
    SLICE_X0Y11          LUT3 (Prop_lut3_I1_O)        0.045     0.601 r  xyz_OBUF[2]_inst_i_1/O
                         net (fo=2, routed)           0.783     1.383    xyz_OBUF[1]
    E19                  OBUF (Prop_obuf_I_O)         1.231     2.614 r  xyz_OBUF[1]_inst/O
                         net (fo=0)                   0.000     2.614    xyz[1]
    E19                                                               r  xyz[1] (OUT)
  -------------------------------------------------------------------    -------------------





