
*** Running vivado
    with args -log PBCounter.vds -m64 -product Vivado -mode batch -messageDb vivado.pb -notrace -source PBCounter.tcl


****** Vivado v2022.2 (64-bit)
  **** SW Build 3671981 on Fri Oct 14 04:59:54 MDT 2022
  **** IP Build 3669848 on Fri Oct 14 08:30:02 MDT 2022
    ** Copyright 1986-2022 Xilinx, Inc. All Rights Reserved.

source PBCounter.tcl -notrace
Command: read_checkpoint -auto_incremental -incremental /home/estudiante/project_1/project_1.srcs/utils_1/imports/synth_1/PBCounter.dcp
INFO: [Vivado 12-5825] Read reference checkpoint from /home/estudiante/project_1/project_1.srcs/utils_1/imports/synth_1/PBCounter.dcp for incremental synthesis
INFO: [Vivado 12-7989] Please ensure there are no constraint changes
Command: synth_design -top PBCounter -part xc7a35tcpg236-1
Starting synth_design
Attempting to get a license for feature 'Synthesis' and/or device 'xc7a35t'
INFO: [Common 17-349] Got license for feature 'Synthesis' and/or device 'xc7a35t'
INFO: [Device 21-403] Loading part xc7a35tcpg236-1
INFO: [Designutils 20-5440] No compile time benefit to using incremental synthesis; A full resynthesis will be run
INFO: [Designutils 20-4379] Flow is switching to default flow due to incremental criteria not met. If you would like to alter this behaviour and have the flow terminate instead, please set the following parameter config_implementation {autoIncr.Synth.RejectBehavior Terminate}
INFO: [Synth 8-7079] Multithreading enabled for synth_design using a maximum of 4 processes.
INFO: [Synth 8-7078] Launching helper process for spawning children vivado processes
INFO: [Synth 8-7075] Helper process launched with PID 6808
INFO: [Synth 8-11241] undeclared symbol 'REGCCE', assumed default net type 'wire' [/tools/Xilinx/Vivado/2022.2/data/verilog/src/unimacro/BRAM_SINGLE_MACRO.v:2170]
---------------------------------------------------------------------------------
Starting RTL Elaboration : Time (s): cpu = 00:00:03 ; elapsed = 00:00:03 . Memory (MB): peak = 1935.500 ; gain = 373.770 ; free physical = 24869 ; free virtual = 60252
Synthesis current peak Physical Memory [PSS] (MB): peak = 1365.569; parent = 1152.567; children = 213.002
Synthesis current peak Virtual Memory [VSS] (MB): peak = 2915.973; parent = 1935.504; children = 980.469
---------------------------------------------------------------------------------
INFO: [Synth 8-638] synthesizing module 'PBCounter' [/home/estudiante/grupo2/Códigos_VHDL/PBCounter.vhd:55]
INFO: [Synth 8-3491] module 'BIN2BCD_0a999' declared at '/home/estudiante/grupo2/Códigos_VHDL/BIN2BCD_0a999.vhd:25' bound to instance 'BIN2BCD' of component 'BIN2BCD_0a999' [/home/estudiante/grupo2/Códigos_VHDL/PBCounter.vhd:119]
INFO: [Synth 8-638] synthesizing module 'BIN2BCD_0a999' [/home/estudiante/grupo2/Códigos_VHDL/BIN2BCD_0a999.vhd:32]
INFO: [Synth 8-256] done synthesizing module 'BIN2BCD_0a999' (0#1) [/home/estudiante/grupo2/Códigos_VHDL/BIN2BCD_0a999.vhd:32]
INFO: [Synth 8-256] done synthesizing module 'PBCounter' (0#1) [/home/estudiante/grupo2/Códigos_VHDL/PBCounter.vhd:55]
---------------------------------------------------------------------------------
Finished RTL Elaboration : Time (s): cpu = 00:00:04 ; elapsed = 00:00:05 . Memory (MB): peak = 2002.469 ; gain = 440.738 ; free physical = 24974 ; free virtual = 60359
Synthesis current peak Physical Memory [PSS] (MB): peak = 1365.569; parent = 1152.567; children = 213.002
Synthesis current peak Virtual Memory [VSS] (MB): peak = 2982.941; parent = 2002.473; children = 980.469
---------------------------------------------------------------------------------
---------------------------------------------------------------------------------
Start Handling Custom Attributes
---------------------------------------------------------------------------------
---------------------------------------------------------------------------------
Finished Handling Custom Attributes : Time (s): cpu = 00:00:04 ; elapsed = 00:00:05 . Memory (MB): peak = 2020.281 ; gain = 458.551 ; free physical = 24972 ; free virtual = 60357
Synthesis current peak Physical Memory [PSS] (MB): peak = 1365.569; parent = 1152.567; children = 213.002
Synthesis current peak Virtual Memory [VSS] (MB): peak = 3000.754; parent = 2020.285; children = 980.469
---------------------------------------------------------------------------------
---------------------------------------------------------------------------------
Finished RTL Optimization Phase 1 : Time (s): cpu = 00:00:04 ; elapsed = 00:00:05 . Memory (MB): peak = 2020.281 ; gain = 458.551 ; free physical = 24972 ; free virtual = 60357
Synthesis current peak Physical Memory [PSS] (MB): peak = 1365.569; parent = 1152.567; children = 213.002
Synthesis current peak Virtual Memory [VSS] (MB): peak = 3000.754; parent = 2020.285; children = 980.469
---------------------------------------------------------------------------------
Netlist sorting complete. Time (s): cpu = 00:00:00 ; elapsed = 00:00:00 . Memory (MB): peak = 2020.281 ; gain = 0.000 ; free physical = 24967 ; free virtual = 60353
INFO: [Project 1-570] Preparing netlist for logic optimization

Processing XDC Constraints
Initializing timing engine
Parsing XDC File [/home/estudiante/project_1/Basys3_Master.xdc]
Finished Parsing XDC File [/home/estudiante/project_1/Basys3_Master.xdc]
INFO: [Project 1-236] Implementation specific constraints were found while reading constraint file [/home/estudiante/project_1/Basys3_Master.xdc]. These constraints will be ignored for synthesis but will be used in implementation. Impacted constraints are listed in the file [.Xil/PBCounter_propImpl.xdc].
Resolution: To avoid this warning, move constraints listed in [.Xil/PBCounter_propImpl.xdc] to another XDC file and exclude this new file from synthesis with the used_in_synthesis property (File Properties dialog in GUI) and re-run elaboration/synthesis.
Completed Processing XDC Constraints

Netlist sorting complete. Time (s): cpu = 00:00:00 ; elapsed = 00:00:00 . Memory (MB): peak = 2164.031 ; gain = 0.000 ; free physical = 24840 ; free virtual = 60239
INFO: [Project 1-111] Unisim Transformation Summary:
No Unisim elements were transformed.

Constraint Validation Runtime : Time (s): cpu = 00:00:00.01 ; elapsed = 00:00:00 . Memory (MB): peak = 2164.031 ; gain = 0.000 ; free physical = 24840 ; free virtual = 60239
INFO: [Designutils 20-5440] No compile time benefit to using incremental synthesis; A full resynthesis will be run
INFO: [Designutils 20-4379] Flow is switching to default flow due to incremental criteria not met. If you would like to alter this behaviour and have the flow terminate instead, please set the following parameter config_implementation {autoIncr.Synth.RejectBehavior Terminate}
INFO: [Synth 8-11241] undeclared symbol 'REGCCE', assumed default net type 'wire' [/tools/Xilinx/Vivado/2022.2/data/verilog/src/unimacro/BRAM_SINGLE_MACRO.v:2170]
---------------------------------------------------------------------------------
Finished Constraint Validation : Time (s): cpu = 00:00:09 ; elapsed = 00:00:10 . Memory (MB): peak = 2164.031 ; gain = 602.301 ; free physical = 24905 ; free virtual = 60305
Synthesis current peak Physical Memory [PSS] (MB): peak = 1365.569; parent = 1152.567; children = 213.002
Synthesis current peak Virtual Memory [VSS] (MB): peak = 3112.488; parent = 2132.020; children = 980.469
---------------------------------------------------------------------------------
---------------------------------------------------------------------------------
Start Loading Part and Timing Information
---------------------------------------------------------------------------------
Loading part: xc7a35tcpg236-1
---------------------------------------------------------------------------------
Finished Loading Part and Timing Information : Time (s): cpu = 00:00:09 ; elapsed = 00:00:10 . Memory (MB): peak = 2164.031 ; gain = 602.301 ; free physical = 24905 ; free virtual = 60305
Synthesis current peak Physical Memory [PSS] (MB): peak = 1365.569; parent = 1152.567; children = 213.002
Synthesis current peak Virtual Memory [VSS] (MB): peak = 3112.488; parent = 2132.020; children = 980.469
---------------------------------------------------------------------------------
---------------------------------------------------------------------------------
Start Applying 'set_property' XDC Constraints
---------------------------------------------------------------------------------
---------------------------------------------------------------------------------
Finished applying 'set_property' XDC Constraints : Time (s): cpu = 00:00:09 ; elapsed = 00:00:10 . Memory (MB): peak = 2164.031 ; gain = 602.301 ; free physical = 24905 ; free virtual = 60305
Synthesis current peak Physical Memory [PSS] (MB): peak = 1365.569; parent = 1152.567; children = 213.002
Synthesis current peak Virtual Memory [VSS] (MB): peak = 3112.488; parent = 2132.020; children = 980.469
---------------------------------------------------------------------------------
---------------------------------------------------------------------------------
Finished RTL Optimization Phase 2 : Time (s): cpu = 00:00:10 ; elapsed = 00:00:10 . Memory (MB): peak = 2164.031 ; gain = 602.301 ; free physical = 24892 ; free virtual = 60293
Synthesis current peak Physical Memory [PSS] (MB): peak = 1365.569; parent = 1152.567; children = 213.002
Synthesis current peak Virtual Memory [VSS] (MB): peak = 3112.488; parent = 2132.020; children = 980.469
---------------------------------------------------------------------------------
---------------------------------------------------------------------------------
Start RTL Component Statistics 
---------------------------------------------------------------------------------
Detailed RTL Component Info : 
+---Adders : 
	   2 Input   32 Bit       Adders := 2     
	   2 Input   10 Bit       Adders := 1     
	   2 Input    2 Bit       Adders := 1     
+---Registers : 
	               32 Bit    Registers := 2     
	               10 Bit    Registers := 1     
	                2 Bit    Registers := 1     
	                1 Bit    Registers := 3     
+---Muxes : 
	   2 Input   10 Bit        Muxes := 1     
	   4 Input    4 Bit        Muxes := 1     
	   2 Input    2 Bit        Muxes := 1     
	   4 Input    1 Bit        Muxes := 4     
---------------------------------------------------------------------------------
Finished RTL Component Statistics 
---------------------------------------------------------------------------------
---------------------------------------------------------------------------------
Start Part Resource Summary
---------------------------------------------------------------------------------
Part Resources:
DSPs: 90 (col length:60)
BRAMs: 100 (col length: RAMB18 60 RAMB36 30)
---------------------------------------------------------------------------------
Finished Part Resource Summary
---------------------------------------------------------------------------------
---------------------------------------------------------------------------------
Start Cross Boundary and Area Optimization
---------------------------------------------------------------------------------
WARNING: [Synth 8-7080] Parallel synthesis criteria is not met
---------------------------------------------------------------------------------
Finished Cross Boundary and Area Optimization : Time (s): cpu = 00:00:11 ; elapsed = 00:00:12 . Memory (MB): peak = 2164.031 ; gain = 602.301 ; free physical = 24912 ; free virtual = 60318
Synthesis current peak Physical Memory [PSS] (MB): peak = 1365.569; parent = 1152.567; children = 213.002
Synthesis current peak Virtual Memory [VSS] (MB): peak = 3112.488; parent = 2132.020; children = 980.469
---------------------------------------------------------------------------------
---------------------------------------------------------------------------------
Start Applying XDC Timing Constraints
---------------------------------------------------------------------------------
---------------------------------------------------------------------------------
Finished Applying XDC Timing Constraints : Time (s): cpu = 00:00:15 ; elapsed = 00:00:16 . Memory (MB): peak = 2164.031 ; gain = 602.301 ; free physical = 24769 ; free virtual = 60183
Synthesis current peak Physical Memory [PSS] (MB): peak = 1466.301; parent = 1254.264; children = 213.002
Synthesis current peak Virtual Memory [VSS] (MB): peak = 3112.488; parent = 2132.020; children = 980.469
---------------------------------------------------------------------------------
---------------------------------------------------------------------------------
Start Timing Optimization
---------------------------------------------------------------------------------
---------------------------------------------------------------------------------
Finished Timing Optimization : Time (s): cpu = 00:00:15 ; elapsed = 00:00:16 . Memory (MB): peak = 2164.031 ; gain = 602.301 ; free physical = 24769 ; free virtual = 60182
Synthesis current peak Physical Memory [PSS] (MB): peak = 1466.438; parent = 1254.410; children = 213.002
Synthesis current peak Virtual Memory [VSS] (MB): peak = 3112.488; parent = 2132.020; children = 980.469
---------------------------------------------------------------------------------
---------------------------------------------------------------------------------
Start Technology Mapping
---------------------------------------------------------------------------------
---------------------------------------------------------------------------------
Finished Technology Mapping : Time (s): cpu = 00:00:15 ; elapsed = 00:00:16 . Memory (MB): peak = 2164.031 ; gain = 602.301 ; free physical = 24760 ; free virtual = 60173
Synthesis current peak Physical Memory [PSS] (MB): peak = 1468.012; parent = 1255.984; children = 213.002
Synthesis current peak Virtual Memory [VSS] (MB): peak = 3112.488; parent = 2132.020; children = 980.469
---------------------------------------------------------------------------------
---------------------------------------------------------------------------------
Start IO Insertion
---------------------------------------------------------------------------------
---------------------------------------------------------------------------------
Start Flattening Before IO Insertion
---------------------------------------------------------------------------------
---------------------------------------------------------------------------------
Finished Flattening Before IO Insertion
---------------------------------------------------------------------------------
---------------------------------------------------------------------------------
Start Final Netlist Cleanup
---------------------------------------------------------------------------------
---------------------------------------------------------------------------------
Finished Final Netlist Cleanup
---------------------------------------------------------------------------------
---------------------------------------------------------------------------------
Finished IO Insertion : Time (s): cpu = 00:00:19 ; elapsed = 00:00:20 . Memory (MB): peak = 2164.031 ; gain = 602.301 ; free physical = 24760 ; free virtual = 60174
Synthesis current peak Physical Memory [PSS] (MB): peak = 1468.168; parent = 1256.141; children = 213.002
Synthesis current peak Virtual Memory [VSS] (MB): peak = 3112.488; parent = 2132.020; children = 980.469
---------------------------------------------------------------------------------
---------------------------------------------------------------------------------
Start Renaming Generated Instances
---------------------------------------------------------------------------------
---------------------------------------------------------------------------------
Finished Renaming Generated Instances : Time (s): cpu = 00:00:19 ; elapsed = 00:00:20 . Memory (MB): peak = 2164.031 ; gain = 602.301 ; free physical = 24760 ; free virtual = 60174
Synthesis current peak Physical Memory [PSS] (MB): peak = 1468.184; parent = 1256.156; children = 213.002
Synthesis current peak Virtual Memory [VSS] (MB): peak = 3112.488; parent = 2132.020; children = 980.469
---------------------------------------------------------------------------------
---------------------------------------------------------------------------------
Start Rebuilding User Hierarchy
---------------------------------------------------------------------------------
---------------------------------------------------------------------------------
Finished Rebuilding User Hierarchy : Time (s): cpu = 00:00:19 ; elapsed = 00:00:20 . Memory (MB): peak = 2164.031 ; gain = 602.301 ; free physical = 24760 ; free virtual = 60174
Synthesis current peak Physical Memory [PSS] (MB): peak = 1468.199; parent = 1256.172; children = 213.002
Synthesis current peak Virtual Memory [VSS] (MB): peak = 3112.488; parent = 2132.020; children = 980.469
---------------------------------------------------------------------------------
---------------------------------------------------------------------------------
Start Renaming Generated Ports
---------------------------------------------------------------------------------
---------------------------------------------------------------------------------
Finished Renaming Generated Ports : Time (s): cpu = 00:00:19 ; elapsed = 00:00:20 . Memory (MB): peak = 2164.031 ; gain = 602.301 ; free physical = 24760 ; free virtual = 60174
Synthesis current peak Physical Memory [PSS] (MB): peak = 1468.199; parent = 1256.172; children = 213.002
Synthesis current peak Virtual Memory [VSS] (MB): peak = 3112.488; parent = 2132.020; children = 980.469
---------------------------------------------------------------------------------
---------------------------------------------------------------------------------
Start Handling Custom Attributes
---------------------------------------------------------------------------------
---------------------------------------------------------------------------------
Finished Handling Custom Attributes : Time (s): cpu = 00:00:19 ; elapsed = 00:00:20 . Memory (MB): peak = 2164.031 ; gain = 602.301 ; free physical = 24760 ; free virtual = 60174
Synthesis current peak Physical Memory [PSS] (MB): peak = 1468.199; parent = 1256.172; children = 213.002
Synthesis current peak Virtual Memory [VSS] (MB): peak = 3112.488; parent = 2132.020; children = 980.469
---------------------------------------------------------------------------------
---------------------------------------------------------------------------------
Start Renaming Generated Nets
---------------------------------------------------------------------------------
---------------------------------------------------------------------------------
Finished Renaming Generated Nets : Time (s): cpu = 00:00:19 ; elapsed = 00:00:20 . Memory (MB): peak = 2164.031 ; gain = 602.301 ; free physical = 24760 ; free virtual = 60174
Synthesis current peak Physical Memory [PSS] (MB): peak = 1468.215; parent = 1256.188; children = 213.002
Synthesis current peak Virtual Memory [VSS] (MB): peak = 3112.488; parent = 2132.020; children = 980.469
---------------------------------------------------------------------------------
---------------------------------------------------------------------------------
Start Writing Synthesis Report
---------------------------------------------------------------------------------

Report BlackBoxes: 
+-+--------------+----------+
| |BlackBox name |Instances |
+-+--------------+----------+
+-+--------------+----------+

Report Cell Usage: 
+------+-------+------+
|      |Cell   |Count |
+------+-------+------+
|1     |BUFG   |     2|
|2     |CARRY4 |    21|
|3     |LUT1   |     8|
|4     |LUT2   |    18|
|5     |LUT3   |     9|
|6     |LUT4   |    15|
|7     |LUT5   |    20|
|8     |LUT6   |    47|
|9     |FDCE   |    12|
|10    |FDRE   |    67|
|11    |IBUF   |     3|
|12    |OBUF   |    11|
+------+-------+------+
---------------------------------------------------------------------------------
Finished Writing Synthesis Report : Time (s): cpu = 00:00:19 ; elapsed = 00:00:20 . Memory (MB): peak = 2164.031 ; gain = 602.301 ; free physical = 24760 ; free virtual = 60174
Synthesis current peak Physical Memory [PSS] (MB): peak = 1468.246; parent = 1256.219; children = 213.002
Synthesis current peak Virtual Memory [VSS] (MB): peak = 3112.488; parent = 2132.020; children = 980.469
---------------------------------------------------------------------------------
Synthesis finished with 0 errors, 0 critical warnings and 1 warnings.
Synthesis Optimization Runtime : Time (s): cpu = 00:00:17 ; elapsed = 00:00:18 . Memory (MB): peak = 2164.031 ; gain = 458.551 ; free physical = 24815 ; free virtual = 60229
Synthesis Optimization Complete : Time (s): cpu = 00:00:19 ; elapsed = 00:00:20 . Memory (MB): peak = 2164.031 ; gain = 602.301 ; free physical = 24815 ; free virtual = 60229
INFO: [Project 1-571] Translating synthesized netlist
Netlist sorting complete. Time (s): cpu = 00:00:00 ; elapsed = 00:00:00 . Memory (MB): peak = 2164.031 ; gain = 0.000 ; free physical = 24805 ; free virtual = 60220
INFO: [Netlist 29-17] Analyzing 21 Unisim elements for replacement
INFO: [Netlist 29-28] Unisim Transformation completed in 0 CPU seconds
INFO: [Project 1-570] Preparing netlist for logic optimization
INFO: [Opt 31-138] Pushed 0 inverter(s) to 0 load pin(s).
Netlist sorting complete. Time (s): cpu = 00:00:00 ; elapsed = 00:00:00 . Memory (MB): peak = 2164.031 ; gain = 0.000 ; free physical = 24890 ; free virtual = 60306
INFO: [Project 1-111] Unisim Transformation Summary:
No Unisim elements were transformed.

Synth Design complete, checksum: f88e5443
INFO: [Common 17-83] Releasing license: Synthesis
28 Infos, 1 Warnings, 0 Critical Warnings and 0 Errors encountered.
synth_design completed successfully
synth_design: Time (s): cpu = 00:00:24 ; elapsed = 00:00:23 . Memory (MB): peak = 2164.031 ; gain = 837.676 ; free physical = 25098 ; free virtual = 60513
INFO: [Common 17-1381] The checkpoint '/home/estudiante/project_1/project_1.runs/synth_1/PBCounter.dcp' has been generated.
INFO: [runtcl-4] Executing : report_utilization -file PBCounter_utilization_synth.rpt -pb PBCounter_utilization_synth.pb
INFO: [Common 17-206] Exiting Vivado at Fri Apr 21 15:37:59 2023...
